<?xml version="1.0" encoding="UTF-8"?>
<testng-results ignored="0" total="0" passed="0" failed="0" skipped="0">
  <reporter-output>
  </reporter-output>
  <suite started-at="2020-12-14T22:43:38 GMT" name="Surefire suite" finished-at="2020-12-14T22:43:59 GMT" duration-ms="20674">
    <groups>
    </groups>
    <test started-at="2020-12-14T22:43:38 GMT" name="Surefire test" finished-at="2020-12-14T22:43:59 GMT" duration-ms="20674">
    </test> <!-- Surefire test -->
  </suite> <!-- Surefire suite -->
</testng-results>
