<?xml version="1.0" encoding="UTF-8"?>
<testng-results ignored="0" total="0" passed="0" failed="0" skipped="0">
  <reporter-output>
  </reporter-output>
  <suite started-at="2020-12-16T14:18:18 GMT" name="Surefire suite" finished-at="2020-12-16T14:19:03 GMT" duration-ms="44832">
    <groups>
    </groups>
    <test started-at="2020-12-16T14:18:18 GMT" name="Surefire test" finished-at="2020-12-16T14:19:03 GMT" duration-ms="44832">
    </test> <!-- Surefire test -->
  </suite> <!-- Surefire suite -->
</testng-results>
